  Logging.cpp
  Timer.cpp
  AutoSaver.cpp
  Config.cpp
  Dictionary.cpp
  Image.cpp
  Language.cpp
  LogGUI.cpp
C:\Users\Ramadhan\Documents\GitHub\TextEditor\DesktopGUI\Feature\Language.h(78,1): warning C4005: 'MSG_DEBUGCONSOLE': macro redefinition (compiling source file Feature\Language.cpp)
C:\Users\Ramadhan\Documents\GitHub\TextEditor\DesktopGUI\Feature\Language.h(44): message : see previous definition of 'MSG_DEBUGCONSOLE' (compiling source file Feature\Language.cpp)
  FontEncoding.cpp
C:\Users\Ramadhan\Documents\GitHub\TextEditor\Utilities\Filestream.h(171,1): warning C4267: '+=': conversion from 'size_t' to 'uint32_t', possible loss of data (compiling source file Feature\Config.cpp)
C:\Users\Ramadhan\Documents\GitHub\TextEditor\Utilities\Filestream.h(171,1): warning C4267: '+=': conversion from 'size_t' to 'uint32_t', possible loss of data (compiling source file Feature\Dictionary.cpp)
C:\Users\Ramadhan\Documents\GitHub\TextEditor\Utilities\Filestream.h(171,1): warning C4267: '+=': conversion from 'size_t' to 'uint32_t', possible loss of data (compiling source file ..\Utilities\Logging.cpp)
  AppFrame.cpp
  FindFrame.cpp
C:\Users\Ramadhan\Documents\GitHub\TextEditor\DesktopGUI\Feature\Language.cpp(114,9): warning C4002: too many arguments for function-like macro invocation 'LOGALL'
C:\Users\Ramadhan\Documents\GitHub\TextEditor\DesktopGUI\Feature\Language.cpp(120,9): warning C4002: too many arguments for function-like macro invocation 'LOGALL'
  GotoFrame.cpp
  PreferencesFrame.cpp
  StyleFrame.cpp
  GridField.cpp
  TextField.cpp
C:\Users\Ramadhan\Documents\GitHub\TextEditor\DesktopGUI\FontEncoding.cpp(141,5): warning C4002: too many arguments for function-like macro invocation 'LOGALL'
C:\Users\Ramadhan\Documents\GitHub\TextEditor\DesktopGUI\Feature\Language.h(78,1): warning C4005: 'MSG_DEBUGCONSOLE': macro redefinition (compiling source file Frame\FindFrame.cpp)
C:\Users\Ramadhan\Documents\GitHub\TextEditor\DesktopGUI\Feature\Language.h(44): message : see previous definition of 'MSG_DEBUGCONSOLE' (compiling source file Frame\FindFrame.cpp)
C:\Users\Ramadhan\Documents\GitHub\TextEditor\DesktopGUI\Frame\FindFrame.cpp(163,2): warning C4477: 'snprintf' : format string '%u' requires an argument of type 'unsigned int', but variadic argument 1 has type 'size_t'
C:\Users\Ramadhan\Documents\GitHub\TextEditor\DesktopGUI\Frame\FindFrame.cpp(163,2): message : consider using '%zu' in the format string
C:\Users\Ramadhan\Documents\GitHub\TextEditor\DesktopGUI\Frame\FindFrame.cpp(166,2): warning C4477: 'snprintf' : format string '%u' requires an argument of type 'unsigned int', but variadic argument 1 has type 'size_t'
C:\Users\Ramadhan\Documents\GitHub\TextEditor\DesktopGUI\Frame\FindFrame.cpp(166,2): message : consider using '%zu' in the format string
C:\Users\Ramadhan\Documents\GitHub\TextEditor\DesktopGUI\Feature\Language.h(78,1): warning C4005: 'MSG_DEBUGCONSOLE': macro redefinition (compiling source file Frame\AppFrame.cpp)
C:\Users\Ramadhan\Documents\GitHub\TextEditor\DesktopGUI\Feature\Language.h(44): message : see previous definition of 'MSG_DEBUGCONSOLE' (compiling source file Frame\AppFrame.cpp)
  Source.cpp
C:\Users\Ramadhan\Documents\GitHub\TextEditor\DesktopGUI\Feature\Language.h(78,1): warning C4005: 'MSG_DEBUGCONSOLE': macro redefinition (compiling source file Frame\GotoFrame.cpp)
C:\Users\Ramadhan\Documents\GitHub\TextEditor\DesktopGUI\Feature\Language.h(44): message : see previous definition of 'MSG_DEBUGCONSOLE' (compiling source file Frame\GotoFrame.cpp)
C:\Users\Ramadhan\Documents\GitHub\TextEditor\DesktopGUI\Frame\GotoFrame.cpp(107,17): warning C4018: '<=': signed/unsigned mismatch
C:\Users\Ramadhan\Documents\GitHub\TextEditor\DesktopGUI\Frame\GotoFrame.cpp(116,17): warning C4018: '<=': signed/unsigned mismatch
C:\Users\Ramadhan\Documents\GitHub\TextEditor\DesktopGUI\Feature\Language.h(78,1): warning C4005: 'MSG_DEBUGCONSOLE': macro redefinition (compiling source file Frame\PreferencesFrame.cpp)
C:\Users\Ramadhan\Documents\GitHub\TextEditor\DesktopGUI\Feature\Language.h(44): message : see previous definition of 'MSG_DEBUGCONSOLE' (compiling source file Frame\PreferencesFrame.cpp)
C:\Users\Ramadhan\Documents\GitHub\TextEditor\DesktopGUI\Feature\Language.h(78,1): warning C4005: 'MSG_DEBUGCONSOLE': macro redefinition (compiling source file Frame\StyleFrame.cpp)
C:\Users\Ramadhan\Documents\GitHub\TextEditor\DesktopGUI\Feature\Language.h(44): message : see previous definition of 'MSG_DEBUGCONSOLE' (compiling source file Frame\StyleFrame.cpp)
C:\Users\Ramadhan\Documents\GitHub\TextEditor\DesktopGUI\Feature\Language.h(78,1): warning C4005: 'MSG_DEBUGCONSOLE': macro redefinition (compiling source file GridField.cpp)
C:\Users\Ramadhan\Documents\GitHub\TextEditor\DesktopGUI\Feature\Language.h(44): message : see previous definition of 'MSG_DEBUGCONSOLE' (compiling source file GridField.cpp)
C:\Users\Ramadhan\Documents\GitHub\TextEditor\DesktopGUI\Feature\Language.h(78,1): warning C4005: 'MSG_DEBUGCONSOLE': macro redefinition (compiling source file Source.cpp)
C:\Users\Ramadhan\Documents\GitHub\TextEditor\DesktopGUI\Feature\Language.h(44): message : see previous definition of 'MSG_DEBUGCONSOLE' (compiling source file Source.cpp)
  Generating code
  Previous IPDB not found, fall back to full compilation.
C:\Users\Ramadhan\Documents\GitHub\TextEditor\DesktopGUI\Frame\FindFrame.cpp(68): warning C4715: 'FindFrame::GetFindEntry': not all control paths return a value
  All 2365 functions were compiled because no usable IPDB/IOBJ from previous compilation was found.
  Finished generating code
  DesktopGUI.vcxproj -> C:\Users\Ramadhan\Documents\GitHub\TextEditor\x64\Release\DesktopGUI.exe
